This is pdfTeX, Version 3.141592653-2.6-1.40.24 (TeX Live 2022/Homebrew) (preloaded format=pdflatex 2023.1.12)  17 JAN 2023 23:09
entering extended mode
 restricted \write18 enabled.
 file:line:error style messages enabled.
 %&-line parsing enabled.
**3d-coordinate-system.tex
(./3d-coordinate-system.tex
LaTeX2e <2021-11-15> patch level 1
L3 programming layer <2022-02-24> (/opt/homebrew/Cellar/texlive/20220321_4/share/texmf-dist/tex/latex/base/article.cls
Document Class: article 2021/10/04 v1.4n Standard LaTeX document class
(/opt/homebrew/Cellar/texlive/20220321_4/share/texmf-dist/tex/latex/base/size12.clo
File: size12.clo 2021/10/04 v1.4n Standard LaTeX file (size option)
)
\c@part=\count185
\c@section=\count186
\c@subsection=\count187
\c@subsubsection=\count188
\c@paragraph=\count189
\c@subparagraph=\count190
\c@figure=\count191
\c@table=\count192
\abovecaptionskip=\skip47
\belowcaptionskip=\skip48
\bibindent=\dimen138
) (/opt/homebrew/Cellar/texlive/20220321_4/share/texmf-dist/tex/latex/amsmath/amsmath.sty
Package: amsmath 2021/10/15 v2.17l AMS math features
\@mathmargin=\skip49

For additional information on amsmath, use the `?' option.
(/opt/homebrew/Cellar/texlive/20220321_4/share/texmf-dist/tex/latex/amsmath/amstext.sty
Package: amstext 2021/08/26 v2.01 AMS text
 (/opt/homebrew/Cellar/texlive/20220321_4/share/texmf-dist/tex/latex/amsmath/amsgen.sty
File: amsgen.sty 1999/11/30 v2.0 generic functions
\@emptytoks=\toks16
\ex@=\dimen139
)) (/opt/homebrew/Cellar/texlive/20220321_4/share/texmf-dist/tex/latex/amsmath/amsbsy.sty
Package: amsbsy 1999/11/29 v1.2d Bold Symbols
\pmbraise@=\dimen140
) (/opt/homebrew/Cellar/texlive/20220321_4/share/texmf-dist/tex/latex/amsmath/amsopn.sty
Package: amsopn 2021/08/26 v2.02 operator names
)
\inf@bad=\count193
LaTeX Info: Redefining \frac on input line 234.
\uproot@=\count194
\leftroot@=\count195
LaTeX Info: Redefining \overline on input line 399.
\classnum@=\count196
\DOTSCASE@=\count197
LaTeX Info: Redefining \ldots on input line 496.
LaTeX Info: Redefining \dots on input line 499.
LaTeX Info: Redefining \cdots on input line 620.
\Mathstrutbox@=\box50
\strutbox@=\box51
\big@size=\dimen141
LaTeX Font Info:    Redeclaring font encoding OML on input line 743.
LaTeX Font Info:    Redeclaring font encoding OMS on input line 744.
\macc@depth=\count198
\c@MaxMatrixCols=\count199
\dotsspace@=\muskip16
\c@parentequation=\count266
\dspbrk@lvl=\count267
\tag@help=\toks17
\row@=\count268
\column@=\count269
\maxfields@=\count270
\andhelp@=\toks18
\eqnshift@=\dimen142
\alignsep@=\dimen143
\tagshift@=\dimen144
\tagwidth@=\dimen145
\totwidth@=\dimen146
\lineht@=\dimen147
\@envbody=\toks19
\multlinegap=\skip50
\multlinetaggap=\skip51
\mathdisplay@stack=\toks20
LaTeX Info: Redefining \[ on input line 2938.
LaTeX Info: Redefining \] on input line 2939.
) (/opt/homebrew/Cellar/texlive/20220321_4/share/texmf-dist/tex/latex/amsfonts/amssymb.sty
Package: amssymb 2013/01/14 v3.01 AMS font symbols
 (/opt/homebrew/Cellar/texlive/20220321_4/share/texmf-dist/tex/latex/amsfonts/amsfonts.sty
Package: amsfonts 2013/01/14 v3.01 Basic AMSFonts support
\symAMSa=\mathgroup4
\symAMSb=\mathgroup5
LaTeX Font Info:    Redeclaring math symbol \hbar on input line 98.
LaTeX Font Info:    Overwriting math alphabet `\mathfrak' in version `bold'
(Font)                  U/euf/m/n --> U/euf/b/n on input line 106.
)) (/opt/homebrew/Cellar/texlive/20220321_4/share/texmf-dist/tex/latex/graphics/graphicx.sty
Package: graphicx 2021/09/16 v1.2d Enhanced LaTeX Graphics (DPC,SPQR)
 (/opt/homebrew/Cellar/texlive/20220321_4/share/texmf-dist/tex/latex/graphics/keyval.sty
Package: keyval 2014/10/28 v1.15 key=value parser (DPC)
\KV@toks@=\toks21
) (/opt/homebrew/Cellar/texlive/20220321_4/share/texmf-dist/tex/latex/graphics/graphics.sty
Package: graphics 2021/03/04 v1.4d Standard LaTeX Graphics (DPC,SPQR)
 (/opt/homebrew/Cellar/texlive/20220321_4/share/texmf-dist/tex/latex/graphics/trig.sty
Package: trig 2021/08/11 v1.11 sin cos tan (DPC)
) (/opt/homebrew/Cellar/texlive/20220321_4/share/texmf-dist/tex/latex/graphics-cfg/graphics.cfg
File: graphics.cfg 2016/06/04 v1.11 sample graphics configuration
)
Package graphics Info: Driver file: pdftex.def on input line 107.
 (/opt/homebrew/Cellar/texlive/20220321_4/share/texmf-dist/tex/latex/graphics-def/pdftex.def
File: pdftex.def 2020/10/05 v1.2a Graphics/color driver for pdftex
))
\Gin@req@height=\dimen148
\Gin@req@width=\dimen149
) (/opt/homebrew/Cellar/texlive/20220321_4/share/texmf-dist/tex/latex/l3backend/l3backend-pdftex.def
File: l3backend-pdftex.def 2022-02-07 L3 backend support: PDF output (pdfTeX)
\l__color_backend_stack_int=\count271
\l__pdf_internal_box=\box52
) (./3d-coordinate-system.aux)
\openout1 = `3d-coordinate-system.aux'.

LaTeX Font Info:    Checking defaults for OML/cmm/m/it on input line 7.
LaTeX Font Info:    ... okay on input line 7.
LaTeX Font Info:    Checking defaults for OMS/cmsy/m/n on input line 7.
LaTeX Font Info:    ... okay on input line 7.
LaTeX Font Info:    Checking defaults for OT1/cmr/m/n on input line 7.
LaTeX Font Info:    ... okay on input line 7.
LaTeX Font Info:    Checking defaults for T1/cmr/m/n on input line 7.
LaTeX Font Info:    ... okay on input line 7.
LaTeX Font Info:    Checking defaults for TS1/cmr/m/n on input line 7.
LaTeX Font Info:    ... okay on input line 7.
LaTeX Font Info:    Checking defaults for OMX/cmex/m/n on input line 7.
LaTeX Font Info:    ... okay on input line 7.
LaTeX Font Info:    Checking defaults for U/cmr/m/n on input line 7.
LaTeX Font Info:    ... okay on input line 7.
 (/opt/homebrew/Cellar/texlive/20220321_4/share/texmf-dist/tex/context/base/mkii/supp-pdf.mkii
[Loading MPS to PDF converter (version 2006.09.02).]
\scratchcounter=\count272
\scratchdimen=\dimen150
\scratchbox=\box53
\nofMPsegments=\count273
\nofMParguments=\count274
\everyMPshowfont=\toks22
\MPscratchCnt=\count275
\MPscratchDim=\dimen151
\MPnumerator=\count276
\makeMPintoPDFobject=\count277
\everyMPtoPDFconversion=\toks23
) (/opt/homebrew/Cellar/texlive/20220321_4/share/texmf-dist/tex/latex/epstopdf-pkg/epstopdf-base.sty
Package: epstopdf-base 2020-01-24 v2.11 Base part for package epstopdf
Package epstopdf-base Info: Redefining graphics rule for `.eps' on input line 485.
 (/opt/homebrew/Cellar/texlive/20220321_4/share/texmf-dist/tex/latex/latexconfig/epstopdf-sys.cfg
File: epstopdf-sys.cfg 2010/07/13 v1.3 Configuration of (r)epstopdf for TeX Live
))
<./images//3dgraph.png, id=1, 210.0872pt x 210.92755pt>
File: ./images//3dgraph.png Graphic file (type png)
<use ./images//3dgraph.png>
Package pdftex.def Info: ./images//3dgraph.png  used on input line 11.
(pdftex.def)             Requested size: 210.08669pt x 210.92702pt.
<./images//howtomakegraph.png, id=3, 170.13562pt x 174.6525pt>
File: ./images//howtomakegraph.png Graphic file (type png)
<use ./images//howtomakegraph.png>
Package pdftex.def Info: ./images//howtomakegraph.png  used on input line 19.
(pdftex.def)             Requested size: 170.1352pt x 174.65207pt.
<./images//projections-onto-3daxes.png, id=4, 271.0125pt x 294.34969pt>
File: ./images//projections-onto-3daxes.png Graphic file (type png)
<use ./images//projections-onto-3daxes.png>
Package pdftex.def Info: ./images//projections-onto-3daxes.png  used on input line 24.
(pdftex.def)             Requested size: 271.01183pt x 294.34895pt.
 [1

{/opt/homebrew/Cellar/texlive/20220321_4/share/texmf-dist/fonts/map/pdftex/updmap/pdftex.map} <./images//3dgraph.png> <./images//howtomakegraph.png>]
<./images//projection2.png, id=14, 302.63063pt x 305.64188pt>
File: ./images//projection2.png Graphic file (type png)
<use ./images//projection2.png>
Package pdftex.def Info: ./images//projection2.png  used on input line 29.
(pdftex.def)             Requested size: 302.62988pt x 305.64111pt.
 [2 <./images//projections-onto-3daxes.png>]
<./images//parallelzy.png, id=19, 161.85469pt x 140.02313pt>
File: ./images//parallelzy.png Graphic file (type png)
<use ./images//parallelzy.png>
Package pdftex.def Info: ./images//parallelzy.png  used on input line 34.
(pdftex.def)             Requested size: 161.85428pt x 140.02278pt.
<./images//parallelxz.png, id=20, 161.85469pt x 134.75343pt>
File: ./images//parallelxz.png Graphic file (type png)
<use ./images//parallelxz.png>
Package pdftex.def Info: ./images//parallelxz.png  used on input line 35.
(pdftex.def)             Requested size: 161.85428pt x 134.7531pt.
LaTeX Font Info:    Trying to load font information for U+msa on input line 38.
 (/opt/homebrew/Cellar/texlive/20220321_4/share/texmf-dist/tex/latex/amsfonts/umsa.fd
File: umsa.fd 2013/01/14 v3.01 AMS symbols A
)
LaTeX Font Info:    Trying to load font information for U+msb on input line 38.
 (/opt/homebrew/Cellar/texlive/20220321_4/share/texmf-dist/tex/latex/amsfonts/umsb.fd
File: umsb.fd 2013/01/14 v3.01 AMS symbols B
) [3 <./images//projection2.png> <./images//parallelzy.png> <./images//parallelxz.png>]
<./images//parallelxy.png, id=29, 226.59656pt x 178.41656pt>
File: ./images//parallelxy.png Graphic file (type png)
<use ./images//parallelxy.png>
Package pdftex.def Info: ./images//parallelxy.png  used on input line 42.
(pdftex.def)             Requested size: 226.596pt x 178.4161pt.
<./images//circleequation.png, id=30, 294.34969pt x 133.24782pt>
File: ./images//circleequation.png Graphic file (type png)
<use ./images//circleequation.png>
Package pdftex.def Info: ./images//circleequation.png  used on input line 46.
(pdftex.def)             Requested size: 294.34895pt x 133.24748pt.
<./images//distanceab.png, id=31, 188.20313pt x 152.06813pt>
File: ./images//distanceab.png Graphic file (type png)
<use ./images//distanceab.png>
Package pdftex.def Info: ./images//distanceab.png  used on input line 50.
(pdftex.def)             Requested size: 188.20265pt x 152.06775pt.
 [4 <./images//parallelxy.png> <./images//circleequation.png> <./images//distanceab.png>]
<./images//distanceab-2d.png, id=39, 112.16907pt x 125.71968pt>
File: ./images//distanceab-2d.png Graphic file (type png)
<use ./images//distanceab-2d.png>
Package pdftex.def Info: ./images//distanceab-2d.png  used on input line 54.
(pdftex.def)             Requested size: 112.16878pt x 125.71936pt.
<./images//sphere.png, id=40, 67.0003pt x 51.94406pt>
File: ./images//sphere.png Graphic file (type png)
<use ./images//sphere.png>
Package pdftex.def Info: ./images//sphere.png  used on input line 82.
(pdftex.def)             Requested size: 67.00012pt x 51.94392pt.
 [5 <./images//distanceab-2d.png>] [6 <./images//sphere.png>] (./3d-coordinate-system.aux) ) 
Here is how much of TeX's memory you used:
 2611 strings out of 478268
 40839 string characters out of 5835366
 332002 words of memory out of 5000000
 20820 multiletter control sequences out of 15000+600000
 474211 words of font info for 47 fonts, out of 8000000 for 9000
 1141 hyphenation exceptions out of 8191
 55i,10n,62p,247b,132s stack positions out of 10000i,1000n,20000p,200000b,200000s
</opt/homebrew/Cellar/texlive/20220321_4/share/texmf-dist/fonts/type1/public/amsfonts/cm/cmbx12.pfb></opt/homebrew/Cellar/texlive/20220321_4/share/texmf-dist/fonts/type1/public/amsfonts/cm/cmex10.pfb></opt/homebrew/Cellar/texlive/20220321_4/share/texmf-dist/fonts/type1/public/amsfonts/cm/cmmi12.pfb></opt/homebrew/Cellar/texlive/20220321_4/share/texmf-dist/fonts/type1/public/amsfonts/cm/cmmi8.pfb></opt/homebrew/Cellar/texlive/20220321_4/share/texmf-dist/fonts/type1/public/amsfonts/cm/cmr12.pfb></opt/homebrew/Cellar/texlive/20220321_4/share/texmf-dist/fonts/type1/public/amsfonts/cm/cmr8.pfb></opt/homebrew/Cellar/texlive/20220321_4/share/texmf-dist/fonts/type1/public/amsfonts/cm/cmsy10.pfb></opt/homebrew/Cellar/texlive/20220321_4/share/texmf-dist/fonts/type1/public/amsfonts/symbols/msam10.pfb>
Output written on 3d-coordinate-system.pdf (6 pages, 140410 bytes).
PDF statistics:
 86 PDF objects out of 1000 (max. 8388607)
 39 compressed objects within 1 object stream
 0 named destinations out of 1000 (max. 500000)
 56 words of extra memory for PDF output out of 10000 (max. 10000000)

